<?xml version="1.0" encoding="UTF-8"?>
<!-- Generated by org.testng.reporters.JUnitReportReporter -->
<testsuite hostname="adithautomations-MacBook-Pro.local" failures="0" tests="1" name="testCases.TC_001_AccountRegistrationTest" time="1.786" errors="0" timestamp="2022-12-11T17:06:40 IST" skipped="0">
  <testcase classname="testCases.TC_001_AccountRegistrationTest" name="test_account_Registration" time="1.786"/>
  <system-out/>
</testsuite> <!-- testCases.TC_001_AccountRegistrationTest -->
