<?xml version="1.0" encoding="UTF-8"?>
<!-- Generated by org.testng.reporters.JUnitReportReporter -->
<testsuite hostname="adithautomations-MacBook-Pro.local" failures="0" tests="4" name="testCases.TC_003_LoginDDT" time="48.485" errors="0" timestamp="2022-12-11T13:13:38 IST" skipped="0">
  <testcase classname="testCases.TC_003_LoginDDT" name="test_LoginDDT" time="13.765"/>
  <system-out/>
  <testcase classname="testCases.TC_003_LoginDDT" name="test_LoginDDT" time="13.661"/>
  <system-out/>
  <testcase classname="testCases.TC_003_LoginDDT" name="test_LoginDDT" time="7.364"/>
  <system-out/>
  <testcase classname="testCases.TC_003_LoginDDT" name="test_LoginDDT" time="13.695"/>
  <system-out/>
</testsuite> <!-- testCases.TC_003_LoginDDT -->
