<?xml version="1.0" encoding="UTF-8"?>
<!-- Generated by org.testng.reporters.JUnitReportReporter -->
<testsuite hostname="Adiths-MacBook-Pro-2.local" failures="0" tests="1" name="testCases.LoginTest" time="7.161" errors="0" timestamp="2022-04-04T22:52:39 IST" skipped="0">
  <testcase classname="testCases.LoginTest" name="login_test" time="7.161"/>
  <system-out/>
</testsuite> <!-- testCases.LoginTest -->
