<?xml version="1.0" encoding="UTF-8"?>
<!-- Generated by org.testng.reporters.JUnitReportReporter -->
<testsuite hostname="Adith" failures="0" tests="1" name="testCases.LoginTest" time="8.125" errors="0" timestamp="2022-04-05T17:13:13 IST" skipped="0">
  <testcase classname="testCases.LoginTest" name="login_test" time="8.125"/>
  <system-out/>
</testsuite> <!-- testCases.LoginTest -->
