<?xml version="1.0" encoding="UTF-8"?>
<!-- Generated by org.testng.reporters.JUnitReportReporter -->
<testsuite hostname="Adith" failures="0" tests="4" name="testCases.LoginDataDrivenTest" time="78.652" errors="0" timestamp="2022-04-05T15:57:41 IST" skipped="0">
  <testcase classname="testCases.LoginDataDrivenTest" name="test_LoginDDT" time="22.251"/>
  <system-out/>
  <testcase classname="testCases.LoginDataDrivenTest" name="test_LoginDDT" time="22.175"/>
  <system-out/>
  <testcase classname="testCases.LoginDataDrivenTest" name="test_LoginDDT" time="22.238"/>
  <system-out/>
  <testcase classname="testCases.LoginDataDrivenTest" name="test_LoginDDT" time="11.988"/>
  <system-out/>
</testsuite> <!-- testCases.LoginDataDrivenTest -->
