<?xml version="1.0" encoding="UTF-8"?>
<!-- Generated by org.testng.reporters.JUnitReportReporter -->
<testsuite hostname="Adith" failures="0" tests="1" name="testCases.AccountRegistrationTest" time="5.501" errors="0" timestamp="2022-04-05T17:13:13 IST" skipped="0">
  <testcase classname="testCases.AccountRegistrationTest" name="Verify_Registration_Test" time="5.501"/>
  <system-out/>
</testsuite> <!-- testCases.AccountRegistrationTest -->
