<?xml version="1.0" encoding="UTF-8"?>
<!-- Generated by org.testng.reporters.JUnitReportReporter -->
<testsuite hostname="Adiths-MacBook-Pro-2.local" failures="0" tests="1" name="testCases.LoginTest" time="6.801" errors="0" timestamp="2022-04-05T11:04:12 IST" skipped="0">
  <testcase classname="testCases.LoginTest" name="login_test" time="6.801"/>
  <system-out/>
</testsuite> <!-- testCases.LoginTest -->
