<?xml version="1.0" encoding="UTF-8"?>
<!-- Generated by org.testng.reporters.JUnitReportReporter -->
<testsuite hostname="192.168.1.8" failures="0" tests="1" name="testCases.TC_001_AccountRegistrationTest" time="4.819" errors="0" timestamp="2022-12-08T17:57:39 IST" skipped="0">
  <testcase classname="testCases.TC_001_AccountRegistrationTest" name="test_account_Registration" time="4.819"/>
  <system-out/>
</testsuite> <!-- testCases.TC_001_AccountRegistrationTest -->
