<?xml version="1.0" encoding="UTF-8"?>
<!-- Generated by org.testng.reporters.JUnitReportReporter -->
<testsuite hostname="adithautomations-MacBook-Pro.local" failures="0" tests="1" name="testCases.TC_002_LoginTest" time="4.185" errors="0" timestamp="2022-12-11T17:06:40 IST" skipped="0">
  <testcase classname="testCases.TC_002_LoginTest" name="test_login" time="4.185"/>
  <system-out/>
</testsuite> <!-- testCases.TC_002_LoginTest -->
